[debug] [2025-10-08T06:08:29.474Z] ----------------------------------------------------------------------
[debug] [2025-10-08T06:08:29.476Z] Command:       C:\Program Files\nodejs\node.exe C:\Users\AARON\AppData\Roaming\npm\node_modules\firebase-tools\lib\bin\firebase.js init
[debug] [2025-10-08T06:08:29.477Z] CLI Version:   14.19.0
[debug] [2025-10-08T06:08:29.477Z] Platform:      win32
[debug] [2025-10-08T06:08:29.477Z] Node Version:  v22.19.0
[debug] [2025-10-08T06:08:29.477Z] Time:          Wed Oct 08 2025 01:08:29 GMT-0500 (hora estándar de Perú)
[debug] [2025-10-08T06:08:29.477Z] ----------------------------------------------------------------------
[debug] 
[info] 
     ######## #### ########  ######## ########     ###     ######  ########
     ##        ##  ##     ## ##       ##     ##  ##   ##  ##       ##
     ######    ##  ########  ######   ########  #########  ######  ######
     ##        ##  ##    ##  ##       ##     ## ##     ##       ## ##
     ##       #### ##     ## ######## ########  ##     ##  ######  ########

You're about to initialize a Firebase project in this directory:

  C:\Users\AARON\WebstormProjects\OpenMindFront\OpenMind

[info] 
=== Project Setup
[info] 
[info] First, let's associate this project directory with a Firebase project.
[info] You can create multiple project aliases by running firebase use --add, 
[info] 
[debug] [2025-10-08T06:09:40.940Z] ExitPromptError: User force closed the prompt with SIGINT
    at Interface.sigint (C:\Users\AARON\AppData\Roaming\npm\node_modules\firebase-tools\node_modules\@inquirer\core\dist\commonjs\lib\create-prompt.js:101:37)
    at Interface.emit (node:events:519:28)
    at Interface.emit (node:domain:489:12)
    at [_ttyWrite] [as _ttyWrite] (node:internal/readline/interface:1132:18)
    at ReadStream.onkeypress (node:internal/readline/interface:271:20)
    at ReadStream.emit (node:events:531:35)
    at ReadStream.emit (node:domain:489:12)
    at emitKeys (node:internal/readline/utils:370:14)
    at emitKeys.next (<anonymous>)
    at ReadStream.onData (node:internal/readline/emitKeypressEvents:64:36)
[error] 
[error] Error: An unexpected error has occurred.
